Using pre-set license
Built from '2021.1/staging' branch; Version is '2021.1.17f1 (03b40fe07a36) revision 242703'; Using compiler version '192528614'; Build Type 'Release'
OS: 'Windows 10 Home; OS build 22000.675; Version 2009; 64bit' Language: 'en' Physical Memory: 7993 MB
BatchMode: 1, IsHumanControllingUs: 0, StartBugReporterOnCrash: 0, Is64bit: 1, IsPro: 0

 COMMAND LINE ARGUMENTS:
C:\Program Files\Unity\Hub\Editor\2021.1.17f1\Editor\Unity.exe
-adb2
-batchMode
-noUpm
-name
AssetImportWorker2
-projectPath
E:/Technical Game Programming/TGP-GAME/Not Enough Zombies
-logFile
Logs/AssetImportWorker2.log
-srvPort
56101
Successfully changed project path to: E:/Technical Game Programming/TGP-GAME/Not Enough Zombies
E:/Technical Game Programming/TGP-GAME/Not Enough Zombies
Using Asset Import Pipeline V2.
Refreshing native plugins compatible for Editor in 73.34 ms, found 2 plugins.
Preloading 0 native plugins for Editor in 0.00 ms.
Initialize engine version: 2021.1.17f1 (03b40fe07a36)
[Subsystems] Discovering subsystems at path C:/Program Files/Unity/Hub/Editor/2021.1.17f1/Editor/Data/Resources/UnitySubsystems
[Subsystems] Discovering subsystems at path E:/Technical Game Programming/TGP-GAME/Not Enough Zombies/Assets
GfxDevice: creating device client; threaded=0; jobified=0
Direct3D:
    Version:  Direct3D 11.0 [level 11.1]
    Renderer: NVIDIA GeForce GTX 1650 Ti (ID=0x1f95)
    Vendor:   NVIDIA
    VRAM:     3962 MB
    Driver:   30.0.15.1277
Initialize mono
Mono path[0] = 'C:/Program Files/Unity/Hub/Editor/2021.1.17f1/Editor/Data/Managed'
Mono path[1] = 'C:/Program Files/Unity/Hub/Editor/2021.1.17f1/Editor/Data/MonoBleedingEdge/lib/mono/unityjit'
Mono config path = 'C:/Program Files/Unity/Hub/Editor/2021.1.17f1/Editor/Data/MonoBleedingEdge/etc'
Using monoOptions --debugger-agent=transport=dt_socket,embedding=1,server=y,suspend=n,address=127.0.0.1:56832
Begin MonoManager ReloadAssembly
Registering precompiled unity dll's ...
Register platform support module: C:/Program Files/Unity/Hub/Editor/2021.1.17f1/Editor/Data/PlaybackEngines/WebGLSupport/UnityEditor.WebGL.Extensions.dll
Register platform support module: C:/Program Files/Unity/Hub/Editor/2021.1.17f1/Editor/Data/PlaybackEngines/MacStandaloneSupport/UnityEditor.OSXStandalone.Extensions.dll
Register platform support module: C:/Program Files/Unity/Hub/Editor/2021.1.17f1/Editor/Data/PlaybackEngines/WindowsStandaloneSupport/UnityEditor.WindowsStandalone.Extensions.dll
Register platform support module: C:/Program Files/Unity/Hub/Editor/2021.1.17f1/Editor/Data/PlaybackEngines/LinuxStandaloneSupport/UnityEditor.LinuxStandalone.Extensions.dll
Register platform support module: C:/Program Files/Unity/Hub/Editor/2021.1.17f1/Editor/Data/PlaybackEngines/LuminSupport/UnityEditor.Lumin.Extensions.dll
Registered in 0.003666 seconds.
Native extension for Lumin target not found
Native extension for LinuxStandalone target not found
Native extension for WindowsStandalone target not found
Native extension for OSXStandalone target not found
Native extension for WebGL target not found
Refreshing native plugins compatible for Editor in 76.74 ms, found 2 plugins.
Preloading 0 native plugins for Editor in 0.00 ms.
Mono: successfully reloaded assembly
- Completed reload, in  3.149 seconds
Domain Reload Profiling:
	ReloadAssembly (3149ms)
		BeginReloadAssembly (83ms)
			ExecutionOrderSort (0ms)
			DisableScriptedObjects (0ms)
			BackupInstance (0ms)
			ReleaseScriptingObjects (0ms)
			CreateAndSetChildDomain (1ms)
		EndReloadAssembly (545ms)
			LoadAssemblies (82ms)
			RebuildTransferFunctionScriptingTraits (0ms)
			SetupTypeCache (188ms)
			ReleaseScriptCaches (0ms)
			RebuildScriptCaches (42ms)
			SetupLoadedEditorAssemblies (259ms)
				LogAssemblyErrors (0ms)
				InitializePlatformSupportModulesInManaged (11ms)
				SetLoadedEditorAssemblies (0ms)
				RefreshPlugins (77ms)
				BeforeProcessingInitializeOnLoad (2ms)
				ProcessInitializeOnLoadAttributes (134ms)
				ProcessInitializeOnLoadMethodAttributes (35ms)
				AfterProcessingInitializeOnLoad (0ms)
				EditorAssembliesLoaded (0ms)
			ExecutionOrderSort2 (0ms)
			AwakeInstancesAfterBackupRestoration (0ms)
Platform modules already initialized, skipping
Registering precompiled user dll's ...
Registered in 0.004966 seconds.
Begin MonoManager ReloadAssembly
Native extension for Lumin target not found
Native extension for LinuxStandalone target not found
Native extension for WindowsStandalone target not found
Native extension for OSXStandalone target not found
Native extension for WebGL target not found
Refreshing native plugins compatible for Editor in 64.32 ms, found 2 plugins.
Preloading 0 native plugins for Editor in 0.00 ms.
Mono: successfully reloaded assembly
- Completed reload, in  1.401 seconds
Domain Reload Profiling:
	ReloadAssembly (1402ms)
		BeginReloadAssembly (160ms)
			ExecutionOrderSort (0ms)
			DisableScriptedObjects (5ms)
			BackupInstance (0ms)
			ReleaseScriptingObjects (0ms)
			CreateAndSetChildDomain (24ms)
		EndReloadAssembly (1174ms)
			LoadAssemblies (102ms)
			RebuildTransferFunctionScriptingTraits (0ms)
			SetupTypeCache (381ms)
			ReleaseScriptCaches (1ms)
			RebuildScriptCaches (96ms)
			SetupLoadedEditorAssemblies (488ms)
				LogAssemblyErrors (0ms)
				InitializePlatformSupportModulesInManaged (10ms)
				SetLoadedEditorAssemblies (0ms)
				RefreshPlugins (64ms)
				BeforeProcessingInitializeOnLoad (80ms)
				ProcessInitializeOnLoadAttributes (314ms)
				ProcessInitializeOnLoadMethodAttributes (12ms)
				AfterProcessingInitializeOnLoad (7ms)
				EditorAssembliesLoaded (0ms)
			ExecutionOrderSort2 (0ms)
			AwakeInstancesAfterBackupRestoration (6ms)
Platform modules already initialized, skipping
========================================================================
Worker process is ready to serve import requests
Launched and connected shader compiler UnityShaderCompiler.exe after 0.27 seconds
Refreshing native plugins compatible for Editor in 0.72 ms, found 2 plugins.
Preloading 0 native plugins for Editor in 0.00 ms.
Unloading 3234 Unused Serialized files (Serialized files now loaded: 0)
System memory in use before: 199.1 MB.
System memory in use after: 199.3 MB.

Unloading 21 unused Assets to reduce memory usage. Loaded Objects now: 3689.
Total: 8.139400 ms (FindLiveObjects: 0.244300 ms CreateObjectMapping: 0.130800 ms MarkObjects: 7.682200 ms  DeleteObjects: 0.080900 ms)

AssetImportParameters requested are different than current active one (requested -> active):
  custom:framework-win-MediaFoundation: 216162199b28c13a410421893ffa2e32 -> 
  custom:video-decoder-ogg-theora: a1e56fd34408186e4bbccfd4996cb3dc -> 
  custom:container-muxer-webm: aa71ff27fc2769a1b78a27578f13a17b -> 
  custom:container-demuxer-webm: 4f35f7cbe854078d1ac9338744f61a02 -> 
  custom:container-demuxer-ogg: 62fdf1f143b41e24485cea50d1cbac27 -> 
  custom:video-encoder-webm-vp8: eb34c28f22e8b96e1ab97ce403110664 -> 
  custom:video-codec-MediaFoundation-h265: 746d11721c4dcdbdad8f713fa42b33f4 -> 
  custom:video-decoder-webm-vp8: 9c59270c3fd7afecdb556c50c9e8de78 -> 
  custom:audio-decoder-ogg-vorbis: bf7c407c2cedff20999df2af8eb42d56 -> 
  custom:audio-encoder-webm-vorbis: bf7c407c2cedff20999df2af8eb42d56 -> 
========================================================================
Received Import Request.
  path: Assets/Scenes/BaseMap.unity
  artifactKey: Guid(e84eb1606c94de64a8c802b963862246) Importer(815301076,1909f56bfc062723c751e8b465ee728b)
Start importing Assets/Scenes/BaseMap.unity using Guid(e84eb1606c94de64a8c802b963862246) Importer(815301076,1909f56bfc062723c751e8b465ee728b)  -> (artifact id: '5c5ab8a6257ca94d54d0eac11b8deb8b') in 0.070131 seconds 
========================================================================
Received Import Request.
  Time since last request: 0.000402 seconds.
  path: Assets/Scenes/Points Progression.unity
  artifactKey: Guid(ffdbccc6af76b9b4bbae11a18d940703) Importer(815301076,1909f56bfc062723c751e8b465ee728b)
Start importing Assets/Scenes/Points Progression.unity using Guid(ffdbccc6af76b9b4bbae11a18d940703) Importer(815301076,1909f56bfc062723c751e8b465ee728b)  -> (artifact id: '553e1afe4ebf9248d59fcf5a94d7d94c') in 0.023707 seconds 
========================================================================
Received Prepare
Registering precompiled user dll's ...
Registered in 0.169698 seconds.
Begin MonoManager ReloadAssembly
Native extension for Lumin target not found
Native extension for LinuxStandalone target not found
Native extension for WindowsStandalone target not found
Native extension for OSXStandalone target not found
Native extension for WebGL target not found
Refreshing native plugins compatible for Editor in 1.70 ms, found 2 plugins.
Preloading 0 native plugins for Editor in 0.00 ms.
Mono: successfully reloaded assembly
- Completed reload, in  2.581 seconds
Domain Reload Profiling:
	ReloadAssembly (2581ms)
		BeginReloadAssembly (187ms)
			ExecutionOrderSort (0ms)
			DisableScriptedObjects (5ms)
			BackupInstance (0ms)
			ReleaseScriptingObjects (0ms)
			CreateAndSetChildDomain (41ms)
		EndReloadAssembly (2311ms)
			LoadAssemblies (1253ms)
			RebuildTransferFunctionScriptingTraits (0ms)
			SetupTypeCache (393ms)
			ReleaseScriptCaches (1ms)
			RebuildScriptCaches (82ms)
			SetupLoadedEditorAssemblies (475ms)
				LogAssemblyErrors (0ms)
				InitializePlatformSupportModulesInManaged (11ms)
				SetLoadedEditorAssemblies (1ms)
				RefreshPlugins (2ms)
				BeforeProcessingInitializeOnLoad (79ms)
				ProcessInitializeOnLoadAttributes (350ms)
				ProcessInitializeOnLoadMethodAttributes (19ms)
				AfterProcessingInitializeOnLoad (13ms)
				EditorAssembliesLoaded (0ms)
			ExecutionOrderSort2 (0ms)
			AwakeInstancesAfterBackupRestoration (14ms)
Platform modules already initialized, skipping
Refreshing native plugins compatible for Editor in 0.72 ms, found 2 plugins.
Preloading 0 native plugins for Editor in 0.00 ms.
Unloading 3203 Unused Serialized files (Serialized files now loaded: 0)
System memory in use before: 196.5 MB.
System memory in use after: 196.7 MB.

Unloading 14 unused Assets to reduce memory usage. Loaded Objects now: 3691.
Total: 4.881800 ms (FindLiveObjects: 0.392700 ms CreateObjectMapping: 0.241100 ms MarkObjects: 4.162700 ms  DeleteObjects: 0.083600 ms)

AssetImportParameters requested are different than current active one (requested -> active):
  custom:framework-win-MediaFoundation: 216162199b28c13a410421893ffa2e32 -> 
  custom:video-decoder-ogg-theora: a1e56fd34408186e4bbccfd4996cb3dc -> 
  custom:container-muxer-webm: aa71ff27fc2769a1b78a27578f13a17b -> 
  custom:container-demuxer-webm: 4f35f7cbe854078d1ac9338744f61a02 -> 
  custom:container-demuxer-ogg: 62fdf1f143b41e24485cea50d1cbac27 -> 
  custom:video-encoder-webm-vp8: eb34c28f22e8b96e1ab97ce403110664 -> 
  custom:video-codec-MediaFoundation-h265: 746d11721c4dcdbdad8f713fa42b33f4 -> 
  custom:video-decoder-webm-vp8: 9c59270c3fd7afecdb556c50c9e8de78 -> 
  custom:audio-decoder-ogg-vorbis: bf7c407c2cedff20999df2af8eb42d56 -> 
  custom:audio-encoder-webm-vorbis: bf7c407c2cedff20999df2af8eb42d56 -> 
========================================================================
Received Import Request.
  Time since last request: 511.663530 seconds.
  path: Assets/Scripts/AI
  artifactKey: Guid(257aad572fea96242a6f8475514d20d2) Importer(815301076,1909f56bfc062723c751e8b465ee728b)
Start importing Assets/Scripts/AI using Guid(257aad572fea96242a6f8475514d20d2) Importer(815301076,1909f56bfc062723c751e8b465ee728b)  -> (artifact id: '2262321b706b1766467d7e9df29be84e') in 0.418877 seconds 
========================================================================
Received Import Request.
  Time since last request: 1.225357 seconds.
  path: Assets/Scripts/Player
  artifactKey: Guid(b6f640064f1528442ad5e5a0adc687cf) Importer(815301076,1909f56bfc062723c751e8b465ee728b)
Start importing Assets/Scripts/Player using Guid(b6f640064f1528442ad5e5a0adc687cf) Importer(815301076,1909f56bfc062723c751e8b465ee728b)  -> (artifact id: 'bc5d7f991af85e52da0da2c99f7dbc81') in 0.008778 seconds 
========================================================================
Received Import Request.
  Time since last request: 1.908599 seconds.
  path: Assets/Scripts/Player/PlayerCamController.cs
  artifactKey: Guid(063d06d303320d045ba964750fdfb3ba) Importer(815301076,1909f56bfc062723c751e8b465ee728b)
Start importing Assets/Scripts/Player/PlayerCamController.cs using Guid(063d06d303320d045ba964750fdfb3ba) Importer(815301076,1909f56bfc062723c751e8b465ee728b)  -> (artifact id: 'b0737aa74b509617a39856c7dc455493') in 0.110183 seconds 
========================================================================
Received Import Request.
  Time since last request: 5.447415 seconds.
  path: Assets/Scripts/WeaponSystem
  artifactKey: Guid(1010789b060fbef4c88f33a65d17dc77) Importer(815301076,1909f56bfc062723c751e8b465ee728b)
Start importing Assets/Scripts/WeaponSystem using Guid(1010789b060fbef4c88f33a65d17dc77) Importer(815301076,1909f56bfc062723c751e8b465ee728b)  -> (artifact id: 'e222f3b2071ecff8cbbe750afded0408') in 0.074707 seconds 
========================================================================
Received Import Request.
  Time since last request: 5.030967 seconds.
  path: Assets/Scripts/WeaponSystem/Weapon.cs
  artifactKey: Guid(a738b6326f5bcb4499ac942107170284) Importer(815301076,1909f56bfc062723c751e8b465ee728b)
Start importing Assets/Scripts/WeaponSystem/Weapon.cs using Guid(a738b6326f5bcb4499ac942107170284) Importer(815301076,1909f56bfc062723c751e8b465ee728b)  -> (artifact id: '106010ca0e71ef7d4aa68d4d10cbe93d') in 0.081850 seconds 
========================================================================
Received Import Request.
  Time since last request: 16.724889 seconds.
  path: Assets/Scripts/WeaponSystem/Weapons
  artifactKey: Guid(746b55bd6d6fa5e4c8c9c6905139e500) Importer(815301076,1909f56bfc062723c751e8b465ee728b)
Start importing Assets/Scripts/WeaponSystem/Weapons using Guid(746b55bd6d6fa5e4c8c9c6905139e500) Importer(815301076,1909f56bfc062723c751e8b465ee728b)  -> (artifact id: 'fb1673dcdef2165faba773883c9f5db8') in 0.036684 seconds 
========================================================================
Received Import Request.
  Time since last request: 8.762650 seconds.
  path: Assets/Scripts/AI/TheHealth.cs
  artifactKey: Guid(d1962fe7d2cb8964fa01ffece13c4f6a) Importer(815301076,1909f56bfc062723c751e8b465ee728b)
Start importing Assets/Scripts/AI/TheHealth.cs using Guid(d1962fe7d2cb8964fa01ffece13c4f6a) Importer(815301076,1909f56bfc062723c751e8b465ee728b)  -> (artifact id: '35c818bca253c29774f3fb52266106ed') in 0.031283 seconds 
========================================================================
Received Prepare
Registering precompiled user dll's ...
Registered in 0.426149 seconds.
Begin MonoManager ReloadAssembly
Native extension for Lumin target not found
Native extension for LinuxStandalone target not found
Native extension for WindowsStandalone target not found
Native extension for OSXStandalone target not found
Native extension for WebGL target not found
Refreshing native plugins compatible for Editor in 0.88 ms, found 2 plugins.
Preloading 0 native plugins for Editor in 0.00 ms.
Mono: successfully reloaded assembly
- Completed reload, in  2.908 seconds
Domain Reload Profiling:
	ReloadAssembly (2912ms)
		BeginReloadAssembly (580ms)
			ExecutionOrderSort (0ms)
			DisableScriptedObjects (55ms)
			BackupInstance (0ms)
			ReleaseScriptingObjects (0ms)
			CreateAndSetChildDomain (277ms)
		EndReloadAssembly (2220ms)
			LoadAssemblies (1177ms)
			RebuildTransferFunctionScriptingTraits (1ms)
			SetupTypeCache (429ms)
			ReleaseScriptCaches (1ms)
			RebuildScriptCaches (83ms)
			SetupLoadedEditorAssemblies (445ms)
				LogAssemblyErrors (0ms)
				InitializePlatformSupportModulesInManaged (17ms)
				SetLoadedEditorAssemblies (1ms)
				RefreshPlugins (1ms)
				BeforeProcessingInitializeOnLoad (72ms)
				ProcessInitializeOnLoadAttributes (331ms)
				ProcessInitializeOnLoadMethodAttributes (15ms)
				AfterProcessingInitializeOnLoad (9ms)
				EditorAssembliesLoaded (0ms)
			ExecutionOrderSort2 (0ms)
			AwakeInstancesAfterBackupRestoration (6ms)
Platform modules already initialized, skipping
Refreshing native plugins compatible for Editor in 1.15 ms, found 2 plugins.
Preloading 0 native plugins for Editor in 0.00 ms.
Unloading 3203 Unused Serialized files (Serialized files now loaded: 0)
System memory in use before: 196.5 MB.
System memory in use after: 196.8 MB.

Unloading 14 unused Assets to reduce memory usage. Loaded Objects now: 3693.
Total: 3.705900 ms (FindLiveObjects: 0.371700 ms CreateObjectMapping: 0.172600 ms MarkObjects: 3.127600 ms  DeleteObjects: 0.032700 ms)

AssetImportParameters requested are different than current active one (requested -> active):
  custom:framework-win-MediaFoundation: 216162199b28c13a410421893ffa2e32 -> 
  custom:video-decoder-ogg-theora: a1e56fd34408186e4bbccfd4996cb3dc -> 
  custom:container-muxer-webm: aa71ff27fc2769a1b78a27578f13a17b -> 
  custom:container-demuxer-webm: 4f35f7cbe854078d1ac9338744f61a02 -> 
  custom:container-demuxer-ogg: 62fdf1f143b41e24485cea50d1cbac27 -> 
  custom:video-encoder-webm-vp8: eb34c28f22e8b96e1ab97ce403110664 -> 
  custom:video-codec-MediaFoundation-h265: 746d11721c4dcdbdad8f713fa42b33f4 -> 
  custom:video-decoder-webm-vp8: 9c59270c3fd7afecdb556c50c9e8de78 -> 
  custom:audio-decoder-ogg-vorbis: bf7c407c2cedff20999df2af8eb42d56 -> 
  custom:audio-encoder-webm-vorbis: bf7c407c2cedff20999df2af8eb42d56 -> 
========================================================================
Received Import Request.
  Time since last request: 883.234473 seconds.
  path: Assets/Scripts
  artifactKey: Guid(495eb5fd9d967c841bea8472ffd19e32) Importer(815301076,1909f56bfc062723c751e8b465ee728b)
Start importing Assets/Scripts using Guid(495eb5fd9d967c841bea8472ffd19e32) Importer(815301076,1909f56bfc062723c751e8b465ee728b)  -> (artifact id: 'c79d6f8e320ee29b06388115113a5754') in 0.205817 seconds 
========================================================================
Received Import Request.
  Time since last request: 10.819422 seconds.
  path: Assets
  artifactKey: Guid(00000000000000001000000000000000) Importer(815301076,1909f56bfc062723c751e8b465ee728b)
Start importing Assets using Guid(00000000000000001000000000000000) Importer(815301076,1909f56bfc062723c751e8b465ee728b)  -> (artifact id: '42d402b061de3733987d63b9cc3b64de') in 0.007197 seconds 
========================================================================
Received Import Request.
  Time since last request: 26.276280 seconds.
  path: Assets/PointsProgression
  artifactKey: Guid(3595a828ee537254182bc33f7e118a78) Importer(815301076,1909f56bfc062723c751e8b465ee728b)
Start importing Assets/PointsProgression using Guid(3595a828ee537254182bc33f7e118a78) Importer(815301076,1909f56bfc062723c751e8b465ee728b)  -> (artifact id: '049608e5946a9afdafac68715f01628f') in 0.007239 seconds 
========================================================================
Received Import Request.
  Time since last request: 199.212085 seconds.
  path: Assets/PointsProgression/Health & Text-PopUp.unity
  artifactKey: Guid(f8fe488b9a8bd54489e42052e866ca07) Importer(815301076,1909f56bfc062723c751e8b465ee728b)
Start importing Assets/PointsProgression/Health & Text-PopUp.unity using Guid(f8fe488b9a8bd54489e42052e866ca07) Importer(815301076,1909f56bfc062723c751e8b465ee728b)  -> (artifact id: '3a939937d8d33bdfa9dc96b1661c01bd') in 0.317396 seconds 
========================================================================
Received Import Request.
  Time since last request: 311.287818 seconds.
  path: Assets/Materials/New Material 1.mat
  artifactKey: Guid(8ea22fb3f036a75489de251c184e2b02) Importer(815301076,1909f56bfc062723c751e8b465ee728b)
Start importing Assets/Materials/New Material 1.mat using Guid(8ea22fb3f036a75489de251c184e2b02) Importer(815301076,1909f56bfc062723c751e8b465ee728b)  -> (artifact id: 'e5252b303b8ab34eb79c94c63b9e76cc') in 0.643854 seconds 
========================================================================
Received Import Request.
  Time since last request: 0.000256 seconds.
  path: Assets/Materials/New Material.mat
  artifactKey: Guid(719788dbf05b86447a2bbfa104818560) Importer(815301076,1909f56bfc062723c751e8b465ee728b)
Start importing Assets/Materials/New Material.mat using Guid(719788dbf05b86447a2bbfa104818560) Importer(815301076,1909f56bfc062723c751e8b465ee728b)  -> (artifact id: '10d52c5ac0f922d7d579f36fe345a65b') in 0.047567 seconds 
========================================================================
Received Import Request.
  Time since last request: 1648.651586 seconds.
  path: Assets/PointsProgression/HealthBar.cs
  artifactKey: Guid(9d1053817ec7d2d4d9cf8d22a69745e0) Importer(815301076,1909f56bfc062723c751e8b465ee728b)
Start importing Assets/PointsProgression/HealthBar.cs using Guid(9d1053817ec7d2d4d9cf8d22a69745e0) Importer(815301076,1909f56bfc062723c751e8b465ee728b)  -> (artifact id: '530f9d0ffd8d33a04d441471d9388e98') in 0.057403 seconds 
========================================================================
Received Import Request.
  Time since last request: 90.121456 seconds.
  path: Assets/PointsProgression/HealthBar_PP.cs
  artifactKey: Guid(4c865d88cd4d6b746890b10c5ecc97b2) Importer(815301076,1909f56bfc062723c751e8b465ee728b)
Start importing Assets/PointsProgression/HealthBar_PP.cs using Guid(4c865d88cd4d6b746890b10c5ecc97b2) Importer(815301076,1909f56bfc062723c751e8b465ee728b)  -> (artifact id: 'cb8680829b5f3cdfcd02905b2ffe2fb4') in 0.080854 seconds 
AssetImportWorkerClient::OnTransportError - code=2 error=End of file
