Using pre-set license
Built from '2021.1/staging' branch; Version is '2021.1.17f1 (03b40fe07a36) revision 242703'; Using compiler version '192528614'; Build Type 'Release'
OS: 'Windows 10 Home; OS build 22000.675; Version 2009; 64bit' Language: 'en' Physical Memory: 7993 MB
BatchMode: 1, IsHumanControllingUs: 0, StartBugReporterOnCrash: 0, Is64bit: 1, IsPro: 0

 COMMAND LINE ARGUMENTS:
C:\Program Files\Unity\Hub\Editor\2021.1.17f1\Editor\Unity.exe
-adb2
-batchMode
-noUpm
-name
AssetImportWorker2
-projectPath
E:/Technical Game Programming/TGP-GAME/Not Enough Zombies
-logFile
Logs/AssetImportWorker2.log
-srvPort
62160
Successfully changed project path to: E:/Technical Game Programming/TGP-GAME/Not Enough Zombies
E:/Technical Game Programming/TGP-GAME/Not Enough Zombies
Using Asset Import Pipeline V2.
